2023-11-22 17:32:26: info: Server started on port: 3002
2023-11-22 17:32:39: info: Server started on port: 3002
2023-11-22 17:33:15: error: Error in starting server Configuration property "clientUrl" is not defined
2023-11-22 20:41:26: error: Error in starting server Configuration property "clientUrl" is not defined
2023-11-22 20:41:48: info: Server started on port: 3002
2023-11-23 15:11:12: info: Server started on port: 3002
2023-11-23 15:16:27: info: Server started on port: 3002
2023-11-23 15:20:59: info: Server started on port: 3002
2023-11-23 15:21:14: info: Server started on port: 3002
2023-11-23 15:21:18: info: Server started on port: 3002
2023-11-23 15:21:50: error: 
Invalid `db.user.create()` invocation in
C:\Users\j.turdimatov\Desktop\Новая папка\Desktop\Mine\Main\BlogApi\src\services\auth.service.ts:20:30

  17 }
  18 const hashedPassword = await bcrypt.hash(password, 10);
  19 const activationLink = v4();
→ 20 const user = await db.user.create(
Null constraint violation on the fields: (`postViewerId`)
2023-11-23 15:22:33: info: Server started on port: 3002
2023-11-23 15:23:05: info: Server started on port: 3002
2023-11-23 15:27:32: info: Server started on port: 3002
2023-11-23 15:28:26: info: Server started on port: 3002
2023-11-23 15:29:01: info: Server started on port: 3002
2023-11-23 15:30:18: info: Server started on port: 3002
2023-11-23 15:30:22: info: Server started on port: 3002
2023-11-23 15:31:01: error: [
  {
    "code": "too_small",
    "minimum": 8,
    "type": "string",
    "inclusive": true,
    "exact": false,
    "message": "Password must be more than 8 characters",
    "path": [
      "body",
      "password"
    ]
  },
  {
    "code": "custom",
    "path": [
      "body",
      "passwordConfirm"
    ],
    "message": "Passwords do not match"
  }
]
2023-11-23 15:33:00: info: Server started on port: 3002
2023-11-23 15:33:11: info: Server started on port: 3002
2023-11-23 15:39:22: info: Server started on port: 3002
2023-11-23 15:56:16: info: Server started on port: 3002
2023-11-23 15:56:21: info: Server started on port: 3002
2023-11-23 16:01:10: info: Server started on port: 3002
2023-11-23 16:01:34: info: Server started on port: 3002
2023-11-23 16:01:53: info: Server started on port: 3002
2023-11-23 16:03:32: info: Server started on port: 3002
2023-11-23 16:04:15: info: Server started on port: 3002
2023-11-23 16:08:01: info: Server started on port: 3002
2023-11-23 16:09:05: info: Server started on port: 3002
2023-11-23 16:12:58: info: Server started on port: 3002
2023-11-23 16:13:18: info: Server started on port: 3002
2023-11-23 16:26:24: info: Server started on port: 3002
2023-11-23 16:26:42: info: Server started on port: 3002
2023-11-23 16:27:09: info: Server started on port: 3002
2023-11-23 16:30:58: info: Server started on port: 3002
2023-11-23 16:32:17: info: Server started on port: 3002
2023-11-23 16:32:39: info: Server started on port: 3002
2023-11-23 16:34:49: info: Server started on port: 3002
2023-11-23 16:35:31: info: Server started on port: 3002
2023-11-23 16:36:49: info: Server started on port: 3002
2023-11-23 16:43:01: info: Server started on port: 3002
2023-11-23 16:43:36: info: Server started on port: 3002
2023-11-23 16:44:04: info: Server started on port: 3002
2023-11-23 16:44:19: info: Server started on port: 3002
2023-11-23 16:44:51: info: Server started on port: 3002
2023-11-23 16:44:55: info: Server started on port: 3002
2023-11-23 16:45:54: error: Unexpected token } in JSON at position 52
2023-11-23 16:48:55: info: Server started on port: 3002
2023-11-23 16:49:09: info: Server started on port: 3002
2023-11-23 16:53:44: info: Server started on port: 3002
2023-11-23 16:54:36: info: Server started on port: 3002
2023-11-23 16:54:48: info: Server started on port: 3002
2023-11-23 16:55:14: info: Server started on port: 3002
2023-11-23 16:58:48: info: Server started on port: 3002
2023-11-23 16:59:19: info: Server started on port: 3002
2023-11-23 16:59:39: info: Server started on port: 3002
2023-11-23 17:00:12: info: Server started on port: 3002
2023-11-23 17:00:22: info: Server started on port: 3002
2023-11-23 17:00:25: error: Cannot destructure property 'jwt' of 'req.cookies' as it is undefined.
2023-11-23 17:00:51: info: Server started on port: 3002
2023-11-23 17:00:54: error: Cannot destructure property 'jwt' of 'req.cookies' as it is undefined.
2023-11-23 17:00:55: error: Cannot destructure property 'jwt' of 'req.cookies' as it is undefined.
2023-11-23 17:01:18: error: Cannot destructure property 'jwt' of 'req.cookies' as it is undefined.
2023-11-23 17:02:07: info: Server started on port: 3002
2023-11-23 17:02:13: info: Server started on port: 3002
2023-11-23 17:02:21: info: Server started on port: 3002
2023-11-23 17:02:26: error: Cannot destructure property 'jwt' of 'req.cookies' as it is undefined.
2023-11-23 17:02:40: error: Cannot destructure property 'jwt' of 'req.cookies' as it is undefined.
2023-11-23 17:03:13: info: Server started on port: 3002
2023-11-23 17:03:16: info: Server started on port: 3002
2023-11-23 17:03:19: info: Server started on port: 3002
2023-11-23 17:03:31: error: Cannot destructure property 'jwt' of 'req.cookies' as it is undefined.
2023-11-23 17:03:46: info: Server started on port: 3002
2023-11-23 17:03:53: error: Cannot destructure property 'jwt' of 'req.cookies' as it is undefined.
2023-11-23 17:06:10: info: Server started on port: 3002
2023-11-23 17:06:33: info: Server started on port: 3002
2023-11-24 10:33:20: info: Server started on port: 3002
2023-11-24 10:34:24: info: Server started on port: 3002
2023-11-24 10:34:38: info: Server started on port: 3002
2023-11-24 10:35:50: info: Server started on port: 3002
2023-11-24 10:36:38: info: Server started on port: 3002
2023-11-24 10:38:11: info: Server started on port: 3002
2023-11-24 10:43:05: info: Server started on port: 3002
2023-11-24 10:44:46: info: Server started on port: 3002
2023-11-24 10:47:23: info: Server started on port: 3002
2023-11-24 11:20:22: info: Server started on port: 3002
2023-11-24 11:23:52: info: Server started on port: 3002
2023-11-24 11:24:51: info: Server started on port: 3002
2023-11-24 11:25:23: info: Server started on port: 3002
2023-11-24 11:26:47: info: Server started on port: 3002
2023-11-24 11:29:22: info: Server started on port: 3002
2023-11-24 11:31:19: info: Server started on port: 3002
2023-11-24 11:31:38: info: Server started on port: 3002
2023-11-24 11:32:31: info: Server started on port: 3002
2023-11-24 11:32:42: info: Server started on port: 3002
2023-11-24 11:34:09: info: Server started on port: 3002
2023-11-24 11:34:59: info: Server started on port: 3002
2023-11-24 11:36:57: info: Server started on port: 3002
2023-11-24 11:40:03: info: Server started on port: 3002
2023-11-24 11:40:38: info: Server started on port: 3002
2023-11-24 11:41:04: info: Server started on port: 3002
2023-11-24 11:43:47: info: Server started on port: 3002
2023-11-24 11:44:18: info: Server started on port: 3002
2023-11-24 11:46:54: info: Server started on port: 3002
2023-11-24 11:47:09: info: Server started on port: 3002
2023-11-24 11:58:46: info: Server started on port: 3002
2023-11-24 12:10:42: info: Server started on port: 3002
2023-11-24 12:11:34: info: Server started on port: 3002
2023-11-24 12:11:47: info: Server started on port: 3002
2023-11-24 12:18:17: info: Server started on port: 3002
2023-11-24 12:19:08: info: Server started on port: 3002
2023-11-24 12:20:05: info: Server started on port: 3002
2023-11-24 12:20:32: info: Server started on port: 3002
2023-11-24 12:22:01: info: Server started on port: 3002
2023-11-24 12:23:35: info: Server started on port: 3002
2023-11-24 12:23:40: info: Server started on port: 3002
2023-11-24 12:26:13: info: Server started on port: 3002
2023-11-24 12:26:50: info: Server started on port: 3002
2023-11-24 12:27:10: info: Server started on port: 3002
2023-11-24 12:29:21: info: Server started on port: 3002
2023-11-24 12:30:32: info: Server started on port: 3002
2023-11-24 12:33:12: info: Server started on port: 3002
2023-11-24 12:34:51: info: Server started on port: 3002
2023-11-24 14:08:07: info: Server started on port: 3002
2023-11-24 14:08:20: info: Server started on port: 3002
2023-11-24 14:09:46: info: Server started on port: 3002
2023-11-24 14:10:27: info: Server started on port: 3002
2023-11-24 14:10:42: info: Server started on port: 3002
2023-11-24 14:11:25: info: Server started on port: 3002
2023-11-24 14:11:42: info: Server started on port: 3002
2023-11-24 14:17:35: info: Server started on port: 3002
2023-11-24 14:19:49: info: Server started on port: 3002
2023-11-24 14:20:38: info: Server started on port: 3002
2023-11-24 14:23:28: info: Server started on port: 3002
2023-11-24 14:23:53: info: Server started on port: 3002
2023-11-24 14:24:29: info: Server started on port: 3002
2023-11-24 14:27:06: info: Server started on port: 3002
2023-11-24 14:27:31: info: Server started on port: 3002
2023-11-24 14:27:54: info: Server started on port: 3002
2023-11-24 14:28:53: info: Server started on port: 3002
2023-11-24 14:29:20: info: Server started on port: 3002
2023-11-24 14:32:47: info: Server started on port: 3002
2023-11-24 14:32:54: info: Server started on port: 3002
2023-11-24 14:33:36: info: Server started on port: 3002
2023-11-24 14:36:20: info: Server started on port: 3002
2023-11-24 14:41:06: info: Server started on port: 3002
2023-11-24 14:42:10: info: Server started on port: 3002
2023-11-24 14:46:13: info: Server started on port: 3002
2023-11-24 14:51:56: info: Server started on port: 3002
2023-11-24 14:52:50: info: Server started on port: 3002
2023-11-24 15:05:20: info: Server started on port: 3002
2023-11-24 15:07:29: info: Server started on port: 3002
2023-11-24 15:08:22: info: Server started on port: 3002
2023-11-24 15:16:26: info: Server started on port: 3002
2023-11-24 15:17:25: info: Server started on port: 3002
2023-11-24 15:17:54: info: Server started on port: 3002
2023-11-24 15:21:21: info: Server started on port: 3002
2023-11-24 15:21:48: info: Server started on port: 3002
2023-11-24 15:22:19: info: Server started on port: 3002
2023-11-24 15:23:25: info: Server started on port: 3002
2023-11-24 15:46:00: info: Server started on port: 3002
2023-11-24 15:46:34: info: Server started on port: 3002
2023-11-24 15:49:05: info: Server started on port: 3002
2023-11-24 15:49:40: info: Server started on port: 3002
2023-11-24 15:51:27: info: Server started on port: 3002
2023-11-24 15:53:36: info: Server started on port: 3002
2023-11-24 15:56:49: info: Server started on port: 3002
2023-11-24 15:57:27: info: Server started on port: 3002
2023-11-24 15:59:45: info: Server started on port: 3002
2023-11-24 16:14:41: info: Server started on port: 3002
2023-11-24 16:14:52: info: Server started on port: 3002
2023-11-24 16:15:05: info: Server started on port: 3002
2023-11-24 16:18:26: info: Server started on port: 3002
2023-11-24 16:19:03: info: Server started on port: 3002
2023-11-24 16:19:27: info: Server started on port: 3002
2023-11-24 16:24:52: info: Server started on port: 3002
2023-11-24 16:25:00: info: Server started on port: 3002
2023-11-24 16:25:03: info: Server started on port: 3002
2023-11-24 16:44:56: info: Server started on port: 3002
2023-11-24 16:45:19: info: Server started on port: 3002
2023-11-24 16:46:32: info: Server started on port: 3002
2023-11-24 16:47:36: info: Server started on port: 3002
2023-11-24 16:48:00: info: Server started on port: 3002
2023-11-24 16:48:29: info: Server started on port: 3002
2023-11-24 17:05:02: info: Server started on port: 3002
2023-11-24 17:05:23: info: Server started on port: 3002
2023-11-27 16:07:04: info: Server started on port: 3002
2023-11-27 16:08:33: info: Server started on port: 3002
2023-11-27 16:11:35: info: Server started on port: 3002
2023-11-27 16:33:01: info: Server started on port: 3002
2023-11-27 16:33:27: info: Server started on port: 3002
2023-11-27 16:33:45: info: Server started on port: 3002
2023-11-27 16:34:57: info: Server started on port: 3002
2023-11-27 16:43:44: info: Server started on port: 3002
2023-11-27 16:44:51: info: Server started on port: 3002
2023-11-27 16:55:46: info: Server started on port: 3002
2023-11-27 16:56:03: info: Server started on port: 3002
2023-11-27 16:56:41: info: Server started on port: 3002
2023-11-27 16:57:12: info: Server started on port: 3002
2023-11-27 16:57:28: info: Server started on port: 3002
2023-11-27 16:59:16: info: Server started on port: 3002
2023-11-27 17:00:56: info: Server started on port: 3002
2023-11-27 17:05:49: info: Server started on port: 3002
2023-11-27 17:06:00: info: Server started on port: 3002
2023-11-27 17:06:24: info: Server started on port: 3002
2023-11-27 17:06:38: info: Server started on port: 3002
2023-11-27 17:07:46: info: Server started on port: 3002
2023-11-27 17:16:12: info: Server started on port: 3002
2023-11-27 17:20:37: info: Server started on port: 3002
2023-11-27 17:22:02: info: Server started on port: 3002
2023-11-27 17:22:13: info: Server started on port: 3002
2023-11-27 17:27:03: info: Server started on port: 3002
2023-11-27 17:27:08: info: Server started on port: 3002
2023-11-27 17:27:48: info: Server started on port: 3002
2023-11-27 17:28:03: info: Server started on port: 3002
2023-11-27 17:28:26: info: Server started on port: 3002
2023-11-27 17:30:09: info: Server started on port: 3002
2023-11-27 17:30:18: info: Server started on port: 3002
2023-11-27 17:31:23: info: Server started on port: 3002
2023-11-27 17:31:53: info: Server started on port: 3002
