2023-11-22 17:33:15: error: Error in starting server Configuration property "clientUrl" is not defined
2023-11-22 20:41:26: error: Error in starting server Configuration property "clientUrl" is not defined
2023-11-23 15:21:50: error: 
Invalid `db.user.create()` invocation in
C:\Users\j.turdimatov\Desktop\Новая папка\Desktop\Mine\Main\BlogApi\src\services\auth.service.ts:20:30

  17 }
  18 const hashedPassword = await bcrypt.hash(password, 10);
  19 const activationLink = v4();
→ 20 const user = await db.user.create(
Null constraint violation on the fields: (`postViewerId`)
2023-11-23 15:31:01: error: [
  {
    "code": "too_small",
    "minimum": 8,
    "type": "string",
    "inclusive": true,
    "exact": false,
    "message": "Password must be more than 8 characters",
    "path": [
      "body",
      "password"
    ]
  },
  {
    "code": "custom",
    "path": [
      "body",
      "passwordConfirm"
    ],
    "message": "Passwords do not match"
  }
]
2023-11-23 16:45:54: error: Unexpected token } in JSON at position 52
2023-11-23 17:00:25: error: Cannot destructure property 'jwt' of 'req.cookies' as it is undefined.
2023-11-23 17:00:54: error: Cannot destructure property 'jwt' of 'req.cookies' as it is undefined.
2023-11-23 17:00:55: error: Cannot destructure property 'jwt' of 'req.cookies' as it is undefined.
2023-11-23 17:01:18: error: Cannot destructure property 'jwt' of 'req.cookies' as it is undefined.
2023-11-23 17:02:26: error: Cannot destructure property 'jwt' of 'req.cookies' as it is undefined.
2023-11-23 17:02:40: error: Cannot destructure property 'jwt' of 'req.cookies' as it is undefined.
2023-11-23 17:03:31: error: Cannot destructure property 'jwt' of 'req.cookies' as it is undefined.
2023-11-23 17:03:53: error: Cannot destructure property 'jwt' of 'req.cookies' as it is undefined.
